*** Starting uWSGI 2.0.18 (64bit) on [Wed Jul  3 14:27:04 2019] ***
compiled with version: 4.2.1 Compatible Apple LLVM 10.0.1 (clang-1001.0.46.3) on 03 July 2019 06:01:15
os: Darwin-18.6.0 Darwin Kernel Version 18.6.0: Thu Apr 25 23:16:27 PDT 2019; root:xnu-4903.261.4~2/RELEASE_X86_64
nodename: lavadeMacBook-Pro.local
machine: x86_64
clock source: unix
detected number of CPU cores: 4
current working directory: /Users/apple/Desktop/blogSer
writing pidfile to uwsgi.pid
detected binary path: /Users/apple/venv/bin/uwsgi
!!! no internal routing support, rebuild with pcre support !!!
chdir() to /Users/apple/Desktop/blogSer
your processes number limit is 709
your memory page size is 4096 bytes
detected max file descriptor number: 10240
lock engine: OSX spinlocks
thunder lock: disabled (you can enable it with --thunder-lock)
uWSGI http bound on 127.0.0.1:8000 fd 3
probably another instance of uWSGI is running on the same address (127.0.0.1:8000).
bind(): Address already in use [core/socket.c line 769]
*** Starting uWSGI 2.0.18 (64bit) on [Wed Jul  3 14:33:28 2019] ***
compiled with version: 4.2.1 Compatible Apple LLVM 10.0.1 (clang-1001.0.46.3) on 03 July 2019 06:01:15
os: Darwin-18.6.0 Darwin Kernel Version 18.6.0: Thu Apr 25 23:16:27 PDT 2019; root:xnu-4903.261.4~2/RELEASE_X86_64
nodename: lavadeMacBook-Pro.local
machine: x86_64
clock source: unix
detected number of CPU cores: 4
current working directory: /Users/apple/Desktop/blogSer
writing pidfile to uwsgi.pid
detected binary path: /Users/apple/venv/bin/uwsgi
!!! no internal routing support, rebuild with pcre support !!!
chdir() to /Users/apple/Desktop/blogSer
your processes number limit is 709
your memory page size is 4096 bytes
detected max file descriptor number: 10240
lock engine: OSX spinlocks
thunder lock: disabled (you can enable it with --thunder-lock)
uWSGI http bound on 127.0.0.1:8000 fd 3
probably another instance of uWSGI is running on the same address (127.0.0.1:8000).
bind(): Address already in use [core/socket.c line 769]
*** Starting uWSGI 2.0.18 (64bit) on [Wed Jul  3 14:35:28 2019] ***
compiled with version: 4.2.1 Compatible Apple LLVM 10.0.1 (clang-1001.0.46.3) on 03 July 2019 06:01:15
os: Darwin-18.6.0 Darwin Kernel Version 18.6.0: Thu Apr 25 23:16:27 PDT 2019; root:xnu-4903.261.4~2/RELEASE_X86_64
nodename: lavadeMacBook-Pro.local
machine: x86_64
clock source: unix
detected number of CPU cores: 4
current working directory: /Users/apple/Desktop/blogSer
writing pidfile to uwsgi.pid
detected binary path: /Users/apple/venv/bin/uwsgi
!!! no internal routing support, rebuild with pcre support !!!
chdir() to /Users/apple/Desktop/blogSer
your processes number limit is 709
your memory page size is 4096 bytes
detected max file descriptor number: 10240
lock engine: OSX spinlocks
thunder lock: disabled (you can enable it with --thunder-lock)
uWSGI http bound on 127.0.0.1:8000 fd 3
probably another instance of uWSGI is running on the same address (127.0.0.1:8000).
bind(): Address already in use [core/socket.c line 769]
*** Starting uWSGI 2.0.18 (64bit) on [Wed Jul  3 14:36:55 2019] ***
compiled with version: 4.2.1 Compatible Apple LLVM 10.0.1 (clang-1001.0.46.3) on 03 July 2019 06:01:15
os: Darwin-18.6.0 Darwin Kernel Version 18.6.0: Thu Apr 25 23:16:27 PDT 2019; root:xnu-4903.261.4~2/RELEASE_X86_64
nodename: lavadeMacBook-Pro.local
machine: x86_64
clock source: unix
detected number of CPU cores: 4
current working directory: /Users/apple/Desktop/blogSer
writing pidfile to uwsgi.pid
detected binary path: /Users/apple/venv/bin/uwsgi
!!! no internal routing support, rebuild with pcre support !!!
chdir() to /Users/apple/Desktop/blogSer
your processes number limit is 709
your memory page size is 4096 bytes
detected max file descriptor number: 10240
lock engine: OSX spinlocks
thunder lock: disabled (you can enable it with --thunder-lock)
uWSGI http bound on 192.168.5.102:8080 fd 3
uwsgi socket 0 bound to TCP address 127.0.0.1:8000 fd 6
Python version: 3.6.6 (v3.6.6:4cf1f54eb7, Jun 26 2018, 19:50:54)  [GCC 4.2.1 Compatible Apple LLVM 6.0 (clang-600.0.57)]
Python main interpreter initialized at 0x7fb890002400
python threads support enabled
your server socket listen backlog is limited to 100 connections
your mercy for graceful operations on workers is 60 seconds
mapped 416560 bytes (406 KB) for 8 cores
*** Operational MODE: preforking+threaded ***
WSGI app 0 (mountpoint='') ready in 1 seconds on interpreter 0x7fb890002400 pid: 16049 (default app)
*** uWSGI is running in multiple interpreter mode ***
spawned uWSGI master process (pid: 16049)
spawned uWSGI worker 1 (pid: 16052, cores: 2)
spawned uWSGI worker 2 (pid: 16053, cores: 2)
spawned uWSGI worker 3 (pid: 16054, cores: 2)
spawned uWSGI worker 4 (pid: 16055, cores: 2)
spawned uWSGI http 1 (pid: 16056)
[pid: 16054|app: 0|req: 1/1] 192.168.5.102 () {40 vars in 799 bytes} [Wed Jul  3 14:37:09 2019] GET / => generated 77 bytes in 237 msecs (HTTP/1.1 404) 3 headers in 100 bytes (1 switches on core 0)
[pid: 16054|app: 0|req: 2/2] 192.168.5.102 () {38 vars in 692 bytes} [Wed Jul  3 14:37:09 2019] GET /favicon.ico => generated 77 bytes in 1 msecs (HTTP/1.1 404) 3 headers in 100 bytes (1 switches on core 1)
invalid request block size: 21573 (max 4096)...skip
invalid request block size: 21573 (max 4096)...skip
invalid request block size: 21573 (max 4096)...skip
invalid request block size: 21573 (max 4096)...skip
invalid request block size: 21573 (max 4096)...skip
invalid request block size: 21573 (max 4096)...skip
invalid request block size: 21573 (max 4096)...skip
SIGINT/SIGQUIT received...killing workers...
gateway "uWSGI http 1" has been buried (pid: 16056)
worker 4 buried after 1 seconds
worker 3 buried after 1 seconds
worker 2 buried after 1 seconds
worker 1 buried after 1 seconds
goodbye to uWSGI.
*** Starting uWSGI 2.0.18 (64bit) on [Wed Jul  3 14:37:40 2019] ***
compiled with version: 4.2.1 Compatible Apple LLVM 10.0.1 (clang-1001.0.46.3) on 03 July 2019 06:01:15
os: Darwin-18.6.0 Darwin Kernel Version 18.6.0: Thu Apr 25 23:16:27 PDT 2019; root:xnu-4903.261.4~2/RELEASE_X86_64
nodename: lavadeMacBook-Pro.local
machine: x86_64
clock source: unix
detected number of CPU cores: 4
current working directory: /Users/apple/Desktop/blogSer
writing pidfile to uwsgi.pid
detected binary path: /Users/apple/venv/bin/uwsgi
!!! no internal routing support, rebuild with pcre support !!!
chdir() to /Users/apple/Desktop/blogSer
your processes number limit is 709
your memory page size is 4096 bytes
detected max file descriptor number: 10240
lock engine: OSX spinlocks
thunder lock: disabled (you can enable it with --thunder-lock)
uWSGI http bound on 127.0.0.1:8000 fd 3
probably another instance of uWSGI is running on the same address (127.0.0.1:8000).
bind(): Address already in use [core/socket.c line 769]
*** Starting uWSGI 2.0.18 (64bit) on [Thu Jul  4 07:14:42 2019] ***
compiled with version: 4.2.1 Compatible Apple LLVM 10.0.1 (clang-1001.0.46.3) on 03 July 2019 06:01:15
os: Darwin-18.6.0 Darwin Kernel Version 18.6.0: Thu Apr 25 23:16:27 PDT 2019; root:xnu-4903.261.4~2/RELEASE_X86_64
nodename: lavadeMacBook-Pro.local
machine: x86_64
clock source: unix
detected number of CPU cores: 4
current working directory: /Users/apple/Desktop/blogSer
writing pidfile to uwsgi.pid
detected binary path: /Users/apple/venv/bin/uwsgi
!!! no internal routing support, rebuild with pcre support !!!
chdir() to /Users/apple/Desktop/blogSer
your processes number limit is 709
your memory page size is 4096 bytes
detected max file descriptor number: 10240
lock engine: OSX spinlocks
thunder lock: disabled (you can enable it with --thunder-lock)
probably another instance of uWSGI is running on the same address (127.0.0.1:8080).
bind(): Address already in use [core/socket.c line 769]
*** Starting uWSGI 2.0.18 (64bit) on [Thu Jul  4 07:16:17 2019] ***
compiled with version: 4.2.1 Compatible Apple LLVM 10.0.1 (clang-1001.0.46.3) on 03 July 2019 06:01:15
os: Darwin-18.6.0 Darwin Kernel Version 18.6.0: Thu Apr 25 23:16:27 PDT 2019; root:xnu-4903.261.4~2/RELEASE_X86_64
nodename: lavadeMacBook-Pro.local
machine: x86_64
clock source: unix
detected number of CPU cores: 4
current working directory: /Users/apple/Desktop/blogSer
writing pidfile to uwsgi.pid
detected binary path: /Users/apple/venv/bin/uwsgi
!!! no internal routing support, rebuild with pcre support !!!
chdir() to /Users/apple/Desktop/blogSer
your processes number limit is 709
your memory page size is 4096 bytes
detected max file descriptor number: 10240
lock engine: OSX spinlocks
thunder lock: disabled (you can enable it with --thunder-lock)
uWSGI http bound on 127.0.0.1:8088 fd 3
probably another instance of uWSGI is running on the same address (127.0.0.1:8000).
bind(): Address already in use [core/socket.c line 769]
*** Starting uWSGI 2.0.18 (64bit) on [Thu Jul  4 07:17:52 2019] ***
compiled with version: 4.2.1 Compatible Apple LLVM 10.0.1 (clang-1001.0.46.3) on 03 July 2019 06:01:15
os: Darwin-18.6.0 Darwin Kernel Version 18.6.0: Thu Apr 25 23:16:27 PDT 2019; root:xnu-4903.261.4~2/RELEASE_X86_64
nodename: lavadeMacBook-Pro.local
machine: x86_64
clock source: unix
detected number of CPU cores: 4
current working directory: /Users/apple/Desktop/blogSer
writing pidfile to uwsgi.pid
detected binary path: /Users/apple/venv/bin/uwsgi
!!! no internal routing support, rebuild with pcre support !!!
chdir() to /Users/apple/Desktop/blogSer
your processes number limit is 709
your memory page size is 4096 bytes
detected max file descriptor number: 10240
lock engine: OSX spinlocks
thunder lock: disabled (you can enable it with --thunder-lock)
uWSGI http bound on 127.0.0.1:8088 fd 4
uwsgi socket 0 bound to TCP address 127.0.0.1:62344 (port auto-assigned) fd 3
Python version: 3.6.6 (v3.6.6:4cf1f54eb7, Jun 26 2018, 19:50:54)  [GCC 4.2.1 Compatible Apple LLVM 6.0 (clang-600.0.57)]
Python main interpreter initialized at 0x7ff137011200
python threads support enabled
your server socket listen backlog is limited to 100 connections
your mercy for graceful operations on workers is 60 seconds
mapped 416560 bytes (406 KB) for 8 cores
*** Operational MODE: preforking+threaded ***
WSGI app 0 (mountpoint='') ready in 1 seconds on interpreter 0x7ff137011200 pid: 20341 (default app)
*** uWSGI is running in multiple interpreter mode ***
spawned uWSGI master process (pid: 20341)
spawned uWSGI worker 1 (pid: 20344, cores: 2)
spawned uWSGI worker 2 (pid: 20345, cores: 2)
spawned uWSGI worker 3 (pid: 20346, cores: 2)
spawned uWSGI worker 4 (pid: 20347, cores: 2)
spawned uWSGI http 1 (pid: 20348)
[pid: 20347|app: 0|req: 1/1] 127.0.0.1 () {38 vars in 704 bytes} [Thu Jul  4 07:18:08 2019] GET / => generated 1723 bytes in 216 msecs (HTTP/1.1 200) 3 headers in 110 bytes (1 switches on core 0)
Not Found: /static/css/app.2a63ff69.css
[pid: 20347|app: 0|req: 2/2] 127.0.0.1 () {36 vars in 630 bytes} [Thu Jul  4 07:18:08 2019] GET /static/css/app.2a63ff69.css => generated 2228 bytes in 7 msecs (HTTP/1.1 404) 3 headers in 102 bytes (1 switches on core 1)
Not Found: /static/css/chunk-vendors.ed2bb1c3.css
[pid: 20347|app: 0|req: 3/3] 127.0.0.1 () {36 vars in 650 bytes} [Thu Jul  4 07:18:08 2019] GET /static/css/chunk-vendors.ed2bb1c3.css => generated 2258 bytes in 4 msecs (HTTP/1.1 404) 3 headers in 102 bytes (2 switches on core 1)
Not Found: /static/js/chunk-vendors.bb491486.js
[pid: 20347|app: 0|req: 4/4] 127.0.0.1 () {36 vars in 631 bytes} [Thu Jul  4 07:18:08 2019] GET /static/js/chunk-vendors.bb491486.js => generated 2252 bytes in 2 msecs (HTTP/1.1 404) 3 headers in 102 bytes (2 switches on core 1)
Not Found: /static/js/about.9580ad5b.js
[pid: 20347|app: 0|req: 5/5] 127.0.0.1 () {38 vars in 684 bytes} [Thu Jul  4 07:18:08 2019] GET /static/js/about.9580ad5b.js => generated 2228 bytes in 3 msecs (HTTP/1.1 404) 3 headers in 102 bytes (2 switches on core 1)
Not Found: /static/js/app.e375a7d5.js
Not Found: /static/css/about.bc1bb6fa.css
[pid: 20346|app: 0|req: 2/7] 127.0.0.1 () {36 vars in 611 bytes} [Thu Jul  4 07:18:08 2019] GET /static/js/app.e375a7d5.js => generated 2222 bytes in 170 msecs (HTTP/1.1 404) 3 headers in 102 bytes (1 switches on core 0)
[pid: 20346|app: 0|req: 2/7] 127.0.0.1 () {38 vars in 688 bytes} [Thu Jul  4 07:18:08 2019] GET /static/css/about.bc1bb6fa.css => generated 2234 bytes in 160 msecs (HTTP/1.1 404) 3 headers in 102 bytes (2 switches on core 1)
Not Found: /manifest.json
[pid: 20345|app: 0|req: 2/8] 127.0.0.1 () {36 vars in 587 bytes} [Thu Jul  4 07:18:08 2019] GET /manifest.json => generated 2186 bytes in 95 msecs (HTTP/1.1 404) 3 headers in 102 bytes (1 switches on core 0)
Not Found: /img/icons/favicon-32x32.png
[pid: 20345|app: 0|req: 2/9] 127.0.0.1 () {36 vars in 651 bytes} [Thu Jul  4 07:18:08 2019] GET /img/icons/favicon-32x32.png => generated 2228 bytes in 94 msecs (HTTP/1.1 404) 3 headers in 102 bytes (1 switches on core 1)
Not Found: /img/icons/favicon-16x16.png
[pid: 20347|app: 0|req: 6/10] 127.0.0.1 () {36 vars in 651 bytes} [Thu Jul  4 07:18:08 2019] GET /img/icons/favicon-16x16.png => generated 2228 bytes in 3 msecs (HTTP/1.1 404) 3 headers in 102 bytes (1 switches on core 1)
SIGINT/SIGQUIT received...killing workers...
gateway "uWSGI http 1" has been buried (pid: 20348)
worker 4 buried after 1 seconds
worker 3 buried after 1 seconds
worker 2 buried after 1 seconds
worker 1 buried after 1 seconds
goodbye to uWSGI.
*** Starting uWSGI 2.0.18 (64bit) on [Thu Jul  4 07:18:47 2019] ***
compiled with version: 4.2.1 Compatible Apple LLVM 10.0.1 (clang-1001.0.46.3) on 03 July 2019 06:01:15
os: Darwin-18.6.0 Darwin Kernel Version 18.6.0: Thu Apr 25 23:16:27 PDT 2019; root:xnu-4903.261.4~2/RELEASE_X86_64
nodename: lavadeMacBook-Pro.local
machine: x86_64
clock source: unix
detected number of CPU cores: 4
current working directory: /Users/apple/Desktop/blogSer
writing pidfile to uwsgi.pid
detected binary path: /Users/apple/venv/bin/uwsgi
!!! no internal routing support, rebuild with pcre support !!!
chdir() to /Users/apple/Desktop/blogSer
your processes number limit is 709
your memory page size is 4096 bytes
detected max file descriptor number: 10240
lock engine: OSX spinlocks
thunder lock: disabled (you can enable it with --thunder-lock)
uWSGI http bound on www.cscblog.net fd 4
uwsgi socket 0 bound to TCP address 127.0.0.1:62585 (port auto-assigned) fd 3
Python version: 3.6.6 (v3.6.6:4cf1f54eb7, Jun 26 2018, 19:50:54)  [GCC 4.2.1 Compatible Apple LLVM 6.0 (clang-600.0.57)]
Python main interpreter initialized at 0x7ffbcb806200
python threads support enabled
your server socket listen backlog is limited to 100 connections
your mercy for graceful operations on workers is 60 seconds
mapped 416560 bytes (406 KB) for 8 cores
*** Operational MODE: preforking+threaded ***
WSGI app 0 (mountpoint='') ready in 1 seconds on interpreter 0x7ffbcb806200 pid: 20360 (default app)
*** uWSGI is running in multiple interpreter mode ***
spawned uWSGI master process (pid: 20360)
spawned uWSGI worker 1 (pid: 20361, cores: 2)
spawned uWSGI worker 2 (pid: 20362, cores: 2)
spawned uWSGI worker 3 (pid: 20363, cores: 2)
spawned uWSGI worker 4 (pid: 20364, cores: 2)
spawned uWSGI http 1 (pid: 20365)
SIGINT/SIGQUIT received...killing workers...
gateway "uWSGI http 1" has been buried (pid: 20365)
worker 4 buried after 1 seconds
worker 3 buried after 1 seconds
worker 2 buried after 1 seconds
worker 1 buried after 1 seconds
goodbye to uWSGI.
*** Starting uWSGI 2.0.18 (64bit) on [Thu Jul  4 07:21:11 2019] ***
compiled with version: 4.2.1 Compatible Apple LLVM 10.0.1 (clang-1001.0.46.3) on 03 July 2019 06:01:15
os: Darwin-18.6.0 Darwin Kernel Version 18.6.0: Thu Apr 25 23:16:27 PDT 2019; root:xnu-4903.261.4~2/RELEASE_X86_64
nodename: lavadeMacBook-Pro.local
machine: x86_64
clock source: unix
detected number of CPU cores: 4
current working directory: /Users/apple/Desktop/blogSer
writing pidfile to uwsgi.pid
detected binary path: /Users/apple/venv/bin/uwsgi
!!! no internal routing support, rebuild with pcre support !!!
chdir() to /Users/apple/Desktop/blogSer
your processes number limit is 709
your memory page size is 4096 bytes
detected max file descriptor number: 10240
lock engine: OSX spinlocks
thunder lock: disabled (you can enable it with --thunder-lock)
uWSGI http bound on 127.0.0.1:8088 fd 4
uwsgi socket 0 bound to TCP address 127.0.0.1:63224 (port auto-assigned) fd 3
Python version: 3.6.6 (v3.6.6:4cf1f54eb7, Jun 26 2018, 19:50:54)  [GCC 4.2.1 Compatible Apple LLVM 6.0 (clang-600.0.57)]
Python main interpreter initialized at 0x7f89c6812e00
python threads support enabled
your server socket listen backlog is limited to 100 connections
your mercy for graceful operations on workers is 60 seconds
mapped 416560 bytes (406 KB) for 8 cores
*** Operational MODE: preforking+threaded ***
WSGI app 0 (mountpoint='') ready in 0 seconds on interpreter 0x7f89c6812e00 pid: 20396 (default app)
*** uWSGI is running in multiple interpreter mode ***
spawned uWSGI master process (pid: 20396)
spawned uWSGI worker 1 (pid: 20397, cores: 2)
spawned uWSGI worker 2 (pid: 20398, cores: 2)
spawned uWSGI worker 3 (pid: 20399, cores: 2)
spawned uWSGI worker 4 (pid: 20400, cores: 2)
spawned uWSGI http 1 (pid: 20401)
[pid: 20400|app: 0|req: 1/1] 127.0.0.1 () {36 vars in 672 bytes} [Thu Jul  4 07:21:21 2019] GET / => generated 1723 bytes in 152 msecs (HTTP/1.1 200) 3 headers in 110 bytes (1 switches on core 0)
Not Found: /static/css/app.2a63ff69.css
[pid: 20400|app: 0|req: 2/2] 127.0.0.1 () {36 vars in 629 bytes} [Thu Jul  4 07:21:21 2019] GET /static/css/app.2a63ff69.css => generated 2228 bytes in 6 msecs (HTTP/1.1 404) 3 headers in 102 bytes (1 switches on core 1)
Not Found: /static/js/about.9580ad5b.js
[pid: 20400|app: 0|req: 3/3] 127.0.0.1 () {38 vars in 684 bytes} [Thu Jul  4 07:21:21 2019] GET /static/js/about.9580ad5b.js => generated 2228 bytes in 3 msecs (HTTP/1.1 404) 3 headers in 102 bytes (1 switches on core 1)
Not Found: /static/css/about.bc1bb6fa.css
[pid: 20398|app: 0|req: 2/4] 127.0.0.1 () {38 vars in 688 bytes} [Thu Jul  4 07:21:21 2019] GET /static/css/about.bc1bb6fa.css => generated 2234 bytes in 196 msecs (HTTP/1.1 404) 3 headers in 102 bytes (1 switches on core 1)
Not Found: /static/js/chunk-vendors.bb491486.js
Not Found: /static/js/app.e375a7d5.js
[pid: 20397|app: 0|req: 1/5] 127.0.0.1 () {36 vars in 631 bytes} [Thu Jul  4 07:21:21 2019] GET /static/js/chunk-vendors.bb491486.js => generated 2252 bytes in 260 msecs (HTTP/1.1 404) 3 headers in 102 bytes (2 switches on core 0)
Not Found: /static/css/chunk-vendors.ed2bb1c3.css
[pid: 20398|app: 0|req: 2/6] 127.0.0.1 () {36 vars in 649 bytes} [Thu Jul  4 07:21:21 2019] GET /static/css/chunk-vendors.ed2bb1c3.css => generated 2258 bytes in 288 msecs (HTTP/1.1 404) 3 headers in 102 bytes (1 switches on core 0)
[pid: 20399|app: 0|req: 1/7] 127.0.0.1 () {36 vars in 610 bytes} [Thu Jul  4 07:21:21 2019] GET /static/js/app.e375a7d5.js => generated 2222 bytes in 290 msecs (HTTP/1.1 404) 3 headers in 102 bytes (1 switches on core 0)
Not Found: /static/js/app.e375a7d5.js
[pid: 20399|app: 0|req: 2/8] 127.0.0.1 () {36 vars in 611 bytes} [Thu Jul  4 07:21:22 2019] GET /static/js/app.e375a7d5.js => generated 2222 bytes in 3 msecs (HTTP/1.1 404) 3 headers in 102 bytes (1 switches on core 1)
Not Found: /manifest.json
[pid: 20398|app: 0|req: 3/9] 127.0.0.1 () {36 vars in 587 bytes} [Thu Jul  4 07:21:22 2019] GET /manifest.json => generated 2186 bytes in 5 msecs (HTTP/1.1 404) 3 headers in 102 bytes (1 switches on core 1)
SIGINT/SIGQUIT received...killing workers...
gateway "uWSGI http 1" has been buried (pid: 20401)
worker 4 buried after 1 seconds
worker 3 buried after 1 seconds
worker 2 buried after 1 seconds
worker 1 buried after 1 seconds
goodbye to uWSGI.
*** Starting uWSGI 2.0.18 (64bit) on [Thu Jul  4 07:39:48 2019] ***
compiled with version: 4.2.1 Compatible Apple LLVM 10.0.1 (clang-1001.0.46.3) on 03 July 2019 06:01:15
os: Darwin-18.6.0 Darwin Kernel Version 18.6.0: Thu Apr 25 23:16:27 PDT 2019; root:xnu-4903.261.4~2/RELEASE_X86_64
nodename: lavadeMacBook-Pro.local
machine: x86_64
clock source: unix
detected number of CPU cores: 4
current working directory: /Users/apple/Desktop/blogSer
writing pidfile to uwsgi.pid
detected binary path: /Users/apple/venv/bin/uwsgi
!!! no internal routing support, rebuild with pcre support !!!
chdir() to /Users/apple/Desktop/blogSer
your processes number limit is 709
your memory page size is 4096 bytes
detected max file descriptor number: 10240
lock engine: OSX spinlocks
thunder lock: disabled (you can enable it with --thunder-lock)
uwsgi socket 0 bound to TCP address 127.0.0.1:8088 fd 3
Python version: 3.6.6 (v3.6.6:4cf1f54eb7, Jun 26 2018, 19:50:54)  [GCC 4.2.1 Compatible Apple LLVM 6.0 (clang-600.0.57)]
Python main interpreter initialized at 0x7fbbb2001e00
python threads support enabled
your server socket listen backlog is limited to 100 connections
your mercy for graceful operations on workers is 60 seconds
mapped 416560 bytes (406 KB) for 8 cores
*** Operational MODE: preforking+threaded ***
WSGI app 0 (mountpoint='') ready in 1 seconds on interpreter 0x7fbbb2001e00 pid: 20495 (default app)
*** uWSGI is running in multiple interpreter mode ***
spawned uWSGI master process (pid: 20495)
spawned uWSGI worker 1 (pid: 20499, cores: 2)
spawned uWSGI worker 2 (pid: 20500, cores: 2)
spawned uWSGI worker 3 (pid: 20501, cores: 2)
spawned uWSGI worker 4 (pid: 20502, cores: 2)
invalid request block size: 21573 (max 4096)...skip
invalid request block size: 21573 (max 4096)...skip
invalid request block size: 21573 (max 4096)...skip
invalid request block size: 21573 (max 4096)...skip
invalid request block size: 21573 (max 4096)...skip
invalid request block size: 21573 (max 4096)...skip
invalid request block size: 21573 (max 4096)...skip
invalid request block size: 21573 (max 4096)...skip
invalid request block size: 21573 (max 4096)...skip
invalid request block size: 21573 (max 4096)...skip
invalid request block size: 21573 (max 4096)...skip
invalid request block size: 21573 (max 4096)...skip
invalid request block size: 21573 (max 4096)...skip
invalid request block size: 21573 (max 4096)...skip
invalid request block size: 21573 (max 4096)...skip
invalid request block size: 21573 (max 4096)...skip
invalid request block size: 21573 (max 4096)...skip
invalid request block size: 21573 (max 4096)...skip
invalid request block size: 21573 (max 4096)...skip
invalid request block size: 21573 (max 4096)...skip
invalid request block size: 21573 (max 4096)...skip
invalid request block size: 21573 (max 4096)...skip
invalid request block size: 21573 (max 4096)...skip
invalid request block size: 21573 (max 4096)...skip
invalid request block size: 21573 (max 4096)...skip
SIGINT/SIGQUIT received...killing workers...
worker 4 buried after 1 seconds
worker 3 buried after 1 seconds
worker 2 buried after 1 seconds
worker 1 buried after 1 seconds
goodbye to uWSGI.
*** Starting uWSGI 2.0.18 (64bit) on [Thu Jul  4 07:58:33 2019] ***
compiled with version: 4.2.1 Compatible Apple LLVM 10.0.1 (clang-1001.0.46.3) on 03 July 2019 06:01:15
os: Darwin-18.6.0 Darwin Kernel Version 18.6.0: Thu Apr 25 23:16:27 PDT 2019; root:xnu-4903.261.4~2/RELEASE_X86_64
nodename: lavadeMacBook-Pro.local
machine: x86_64
clock source: unix
detected number of CPU cores: 4
current working directory: /Users/apple/Desktop/blogSer
writing pidfile to uwsgi.pid
detected binary path: /Users/apple/venv/bin/uwsgi
!!! no internal routing support, rebuild with pcre support !!!
chdir() to /Users/apple/Desktop/blogSer
your processes number limit is 709
your memory page size is 4096 bytes
detected max file descriptor number: 10240
lock engine: OSX spinlocks
thunder lock: disabled (you can enable it with --thunder-lock)
uwsgi socket 0 bound to TCP address 127.0.0.1:8088 fd 3
Python version: 3.6.6 (v3.6.6:4cf1f54eb7, Jun 26 2018, 19:50:54)  [GCC 4.2.1 Compatible Apple LLVM 6.0 (clang-600.0.57)]
Python main interpreter initialized at 0x7fcf1c80a800
python threads support enabled
your server socket listen backlog is limited to 100 connections
your mercy for graceful operations on workers is 60 seconds
mapped 416560 bytes (406 KB) for 8 cores
*** Operational MODE: preforking+threaded ***
WSGI app 0 (mountpoint='') ready in 0 seconds on interpreter 0x7fcf1c80a800 pid: 20671 (default app)
*** uWSGI is running in multiple interpreter mode ***
spawned uWSGI master process (pid: 20671)
spawned uWSGI worker 1 (pid: 20673, cores: 2)
spawned uWSGI worker 2 (pid: 20674, cores: 2)
spawned uWSGI worker 3 (pid: 20675, cores: 2)
spawned uWSGI worker 4 (pid: 20676, cores: 2)
[pid: 20676|app: 0|req: 1/1] 127.0.0.1 () {42 vars in 763 bytes} [Thu Jul  4 08:15:06 2019] GET / => generated 1723 bytes in 235 msecs (HTTP/1.1 200) 3 headers in 110 bytes (1 switches on core 0)
Not Found: /static/js/about.9580ad5b.js
[pid: 20676|app: 0|req: 3/2] 127.0.0.1 () {42 vars in 743 bytes} [Thu Jul  4 08:15:06 2019] GET /static/js/about.9580ad5b.js => generated 2228 bytes in 18 msecs (HTTP/1.1 404) 3 headers in 102 bytes (2 switches on core 0)
Not Found: /static/css/chunk-vendors.ed2bb1c3.css
[pid: 20676|app: 0|req: 3/3] 127.0.0.1 () {40 vars in 709 bytes} [Thu Jul  4 08:15:06 2019] GET /static/css/chunk-vendors.ed2bb1c3.css => generated 2258 bytes in 24 msecs (HTTP/1.1 404) 3 headers in 102 bytes (1 switches on core 1)
Not Found: /static/js/chunk-vendors.bb491486.js
[pid: 20673|app: 0|req: 1/4] 127.0.0.1 () {40 vars in 690 bytes} [Thu Jul  4 08:15:06 2019] GET /static/js/chunk-vendors.bb491486.js => generated 2252 bytes in 148 msecs (HTTP/1.1 404) 3 headers in 102 bytes (1 switches on core 0)
Not Found: /static/css/app.2a63ff69.css
[pid: 20675|app: 0|req: 2/5] 127.0.0.1 () {40 vars in 689 bytes} [Thu Jul  4 08:15:06 2019] GET /static/css/app.2a63ff69.css => generated 2228 bytes in 149 msecs (HTTP/1.1 404) 3 headers in 102 bytes (1 switches on core 0)
Not Found: /static/css/about.bc1bb6fa.css
[pid: 20675|app: 0|req: 2/6] 127.0.0.1 () {42 vars in 747 bytes} [Thu Jul  4 08:15:06 2019] GET /static/css/about.bc1bb6fa.css => generated 2234 bytes in 152 msecs (HTTP/1.1 404) 3 headers in 102 bytes (1 switches on core 1)
Not Found: /static/js/app.e375a7d5.js
[pid: 20674|app: 0|req: 1/7] 127.0.0.1 () {40 vars in 670 bytes} [Thu Jul  4 08:15:06 2019] GET /static/js/app.e375a7d5.js => generated 2222 bytes in 154 msecs (HTTP/1.1 404) 3 headers in 102 bytes (1 switches on core 0)
Not Found: /manifest.json
[pid: 20676|app: 0|req: 4/8] 127.0.0.1 () {40 vars in 646 bytes} [Thu Jul  4 08:15:07 2019] GET /manifest.json => generated 2186 bytes in 3 msecs (HTTP/1.1 404) 3 headers in 102 bytes (1 switches on core 0)
Not Found: /img/icons/favicon-32x32.png
[pid: 20676|app: 0|req: 5/9] 127.0.0.1 () {44 vars in 763 bytes} [Thu Jul  4 08:15:07 2019] GET /img/icons/favicon-32x32.png => generated 2228 bytes in 3 msecs (HTTP/1.1 404) 3 headers in 102 bytes (1 switches on core 1)
Not Found: /img/icons/favicon-16x16.png
[pid: 20674|app: 0|req: 2/10] 127.0.0.1 () {40 vars in 710 bytes} [Thu Jul  4 08:15:07 2019] GET /img/icons/favicon-16x16.png => generated 2228 bytes in 3 msecs (HTTP/1.1 404) 3 headers in 102 bytes (2 switches on core 1)
Not Found: /static/css/app.2a63ff69.css
[pid: 20676|app: 0|req: 6/11] 127.0.0.1 () {40 vars in 689 bytes} [Thu Jul  4 08:15:10 2019] GET /static/css/app.2a63ff69.css => generated 2228 bytes in 4 msecs (HTTP/1.1 404) 3 headers in 102 bytes (2 switches on core 0)
Not Found: /static/css/chunk-vendors.ed2bb1c3.css
[pid: 20673|app: 0|req: 2/12] 127.0.0.1 () {40 vars in 709 bytes} [Thu Jul  4 08:15:10 2019] GET /static/css/chunk-vendors.ed2bb1c3.css => generated 2258 bytes in 5 msecs (HTTP/1.1 404) 3 headers in 102 bytes (1 switches on core 1)
[pid: 20676|app: 0|req: 7/13] 127.0.0.1 () {42 vars in 763 bytes} [Thu Jul  4 08:18:04 2019] GET / => generated 1511 bytes in 2 msecs (HTTP/1.1 200) 3 headers in 110 bytes (1 switches on core 1)
Not Found: /static/css/app.84fe17e1.css
[pid: 20676|app: 0|req: 8/14] 127.0.0.1 () {40 vars in 689 bytes} [Thu Jul  4 08:18:04 2019] GET /static/css/app.84fe17e1.css => generated 2228 bytes in 14 msecs (HTTP/1.1 404) 3 headers in 102 bytes (1 switches on core 0)
Not Found: /static/js/chunk-vendors.70a97d3c.js
[pid: 20674|app: 0|req: 3/15] 127.0.0.1 () {40 vars in 690 bytes} [Thu Jul  4 08:18:04 2019] GET /static/js/chunk-vendors.70a97d3c.js => generated 2252 bytes in 17 msecs (HTTP/1.1 404) 3 headers in 102 bytes (1 switches on core 0)
Not Found: /static/js/about.b4be1239.js
[pid: 20673|app: 0|req: 3/16] 127.0.0.1 () {42 vars in 743 bytes} [Thu Jul  4 08:18:04 2019] GET /static/js/about.b4be1239.js => generated 2228 bytes in 17 msecs (HTTP/1.1 404) 3 headers in 102 bytes (1 switches on core 0)
Not Found: /static/js/app.d9e988a2.js
[pid: 20675|app: 0|req: 3/17] 127.0.0.1 () {40 vars in 670 bytes} [Thu Jul  4 08:18:04 2019] GET /static/js/app.d9e988a2.js => generated 2222 bytes in 24 msecs (HTTP/1.1 404) 3 headers in 102 bytes (1 switches on core 0)
Not Found: /manifest.json
[pid: 20676|app: 0|req: 9/18] 127.0.0.1 () {40 vars in 646 bytes} [Thu Jul  4 08:18:04 2019] GET /manifest.json => generated 2186 bytes in 4 msecs (HTTP/1.1 404) 3 headers in 102 bytes (1 switches on core 1)
[pid: 20674|app: 0|req: 4/19] 127.0.0.1 () {42 vars in 763 bytes} [Thu Jul  4 08:18:05 2019] GET / => generated 1511 bytes in 44 msecs (HTTP/1.1 200) 3 headers in 110 bytes (2 switches on core 1)
Not Found: /static/js/chunk-vendors.70a97d3c.js
[pid: 20673|app: 0|req: 4/20] 127.0.0.1 () {40 vars in 690 bytes} [Thu Jul  4 08:18:05 2019] GET /static/js/chunk-vendors.70a97d3c.js => generated 2252 bytes in 5 msecs (HTTP/1.1 404) 3 headers in 102 bytes (2 switches on core 1)
Not Found: /static/js/app.d9e988a2.js
Not Found: /static/js/about.b4be1239.js
[pid: 20676|app: 0|req: 10/21] 127.0.0.1 () {42 vars in 743 bytes} [Thu Jul  4 08:18:05 2019] GET /static/js/about.b4be1239.js => generated 2228 bytes in 5 msecs (HTTP/1.1 404) 3 headers in 102 bytes (1 switches on core 0)
Not Found: /static/css/app.84fe17e1.css
[pid: 20675|app: 0|req: 5/22] 127.0.0.1 () {40 vars in 689 bytes} [Thu Jul  4 08:18:05 2019] GET /static/css/app.84fe17e1.css => generated 2228 bytes in 12 msecs (HTTP/1.1 404) 3 headers in 102 bytes (2 switches on core 1)
[pid: 20675|app: 0|req: 5/23] 127.0.0.1 () {40 vars in 670 bytes} [Thu Jul  4 08:18:05 2019] GET /static/js/app.d9e988a2.js => generated 2222 bytes in 13 msecs (HTTP/1.1 404) 3 headers in 102 bytes (1 switches on core 0)
Not Found: /manifest.json
[pid: 20676|app: 0|req: 11/24] 127.0.0.1 () {40 vars in 646 bytes} [Thu Jul  4 08:18:05 2019] GET /manifest.json => generated 2186 bytes in 5 msecs (HTTP/1.1 404) 3 headers in 102 bytes (1 switches on core 1)
[pid: 20676|app: 0|req: 12/25] 127.0.0.1 () {42 vars in 763 bytes} [Fri Jul  5 07:32:33 2019] GET / => generated 1511 bytes in 55 msecs (HTTP/1.1 200) 3 headers in 110 bytes (1 switches on core 0)
Not Found: /static/js/chunk-vendors.70a97d3c.js
[pid: 20676|app: 0|req: 14/26] 127.0.0.1 () {40 vars in 690 bytes} [Fri Jul  5 07:32:33 2019] GET /static/js/chunk-vendors.70a97d3c.js => generated 2252 bytes in 44 msecs (HTTP/1.1 404) 3 headers in 102 bytes (2 switches on core 0)
Not Found: /static/css/app.84fe17e1.css
[pid: 20676|app: 0|req: 14/27] 127.0.0.1 () {40 vars in 689 bytes} [Fri Jul  5 07:32:33 2019] GET /static/css/app.84fe17e1.css => generated 2228 bytes in 50 msecs (HTTP/1.1 404) 3 headers in 102 bytes (2 switches on core 1)
Not Found: /static/js/app.d9e988a2.js
[pid: 20675|app: 0|req: 6/28] 127.0.0.1 () {40 vars in 670 bytes} [Fri Jul  5 07:32:33 2019] GET /static/js/app.d9e988a2.js => generated 2222 bytes in 70 msecs (HTTP/1.1 404) 3 headers in 102 bytes (2 switches on core 1)
Not Found: /static/js/about.b4be1239.js
[pid: 20674|app: 0|req: 5/29] 127.0.0.1 () {42 vars in 743 bytes} [Fri Jul  5 07:32:33 2019] GET /static/js/about.b4be1239.js => generated 2228 bytes in 78 msecs (HTTP/1.1 404) 3 headers in 102 bytes (1 switches on core 1)
Not Found: /manifest.json
[pid: 20673|app: 0|req: 5/30] 127.0.0.1 () {40 vars in 646 bytes} [Fri Jul  5 07:32:33 2019] GET /manifest.json => generated 2186 bytes in 21 msecs (HTTP/1.1 404) 3 headers in 102 bytes (1 switches on core 1)
[pid: 20676|app: 0|req: 15/31] 127.0.0.1 () {42 vars in 763 bytes} [Fri Jul  5 07:34:40 2019] GET / => generated 1511 bytes in 1 msecs (HTTP/1.1 200) 3 headers in 110 bytes (1 switches on core 0)
Not Found: /static/css/app.84fe17e1.css
[pid: 20676|app: 0|req: 16/32] 127.0.0.1 () {40 vars in 689 bytes} [Fri Jul  5 07:34:40 2019] GET /static/css/app.84fe17e1.css => generated 2228 bytes in 8 msecs (HTTP/1.1 404) 3 headers in 102 bytes (1 switches on core 1)
Not Found: /static/js/chunk-vendors.70a97d3c.js
[pid: 20674|app: 0|req: 6/33] 127.0.0.1 () {40 vars in 690 bytes} [Fri Jul  5 07:34:40 2019] GET /static/js/chunk-vendors.70a97d3c.js => generated 2252 bytes in 14 msecs (HTTP/1.1 404) 3 headers in 102 bytes (2 switches on core 0)
Not Found: /static/js/about.b4be1239.js
[pid: 20675|app: 0|req: 8/34] 127.0.0.1 () {42 vars in 743 bytes} [Fri Jul  5 07:34:40 2019] GET /static/js/about.b4be1239.js => generated 2228 bytes in 20 msecs (HTTP/1.1 404) 3 headers in 102 bytes (1 switches on core 1)
Not Found: /static/js/app.d9e988a2.js
[pid: 20675|app: 0|req: 8/35] 127.0.0.1 () {40 vars in 670 bytes} [Fri Jul  5 07:34:40 2019] GET /static/js/app.d9e988a2.js => generated 2222 bytes in 32 msecs (HTTP/1.1 404) 3 headers in 102 bytes (1 switches on core 0)
Not Found: /manifest.json
[pid: 20675|app: 0|req: 9/36] 127.0.0.1 () {40 vars in 646 bytes} [Fri Jul  5 07:34:40 2019] GET /manifest.json => generated 2186 bytes in 7 msecs (HTTP/1.1 404) 3 headers in 102 bytes (1 switches on core 1)
